# JRE version: OpenJDK Runtime Environment (11.0.10) (build 11.0.10+0-b96-7249189)
# Java VM: OpenJDK 64-Bit Server VM (11.0.10+0-b96-7249189, mixed mode, tiered, compressed oops, g1 gc, windows-amd64)
Heap:
 garbage-first heap   total 134144K, used 106270K [0x0000000080000000, 0x0000000100000000)
  region size 1024K, 29 young (29696K), 1 survivors (1024K)
 Metaspace       used 62557K, capacity 64352K, committed 64512K, reserved 1105920K
  class space    used 7985K, capacity 8615K, committed 8704K, reserved 1048576K
GC Heap History (20 events):
Event: 10.760 GC heap before
{Heap before GC invocations=19 (full 0):
 garbage-first heap   total 92160K, used 73088K [0x0000000080000000, 0x0000000100000000)
  region size 1024K, 25 young (25600K), 4 survivors (4096K)
 Metaspace       used 44629K, capacity 45801K, committed 46080K, reserved 1089536K
  class space    used 5845K, capacity 6293K, committed 6400K, reserved 1048576K
}
Event: 10.775 GC heap after
{Heap after GC invocations=20 (full 0):
 garbage-first heap   total 92160K, used 52434K [0x0000000080000000, 0x0000000100000000)
  region size 1024K, 3 young (3072K), 3 survivors (3072K)
 Metaspace       used 44629K, capacity 45801K, committed 46080K, reserved 1089536K
  class space    used 5845K, capacity 6293K, committed 6400K, reserved 1048576K
}
Event: 10.949 GC heap before
{Heap before GC invocations=21 (full 0):
 garbage-first heap   total 92160K, used 73938K [0x0000000080000000, 0x0000000100000000)
  region size 1024K, 24 young (24576K), 3 survivors (3072K)
 Metaspace       used 44633K, capacity 45801K, committed 46080K, reserved 1089536K
  class space    used 5845K, capacity 6293K, committed 6400K, reserved 1048576K
}
Event: 10.959 GC heap after
{Heap after GC invocations=22 (full 0):
 garbage-first heap   total 110592K, used 53145K [0x0000000080000000, 0x0000000100000000)
  region size 1024K, 2 young (2048K), 2 survivors (2048K)
 Metaspace       used 44633K, capacity 45801K, committed 46080K, reserved 1089536K
  class space    used 5845K, capacity 6293K, committed 6400K, reserved 1048576K
}
Event: 11.490 GC heap before
{Heap before GC invocations=22 (full 0):
 garbage-first heap   total 110592K, used 81817K [0x0000000080000000, 0x0000000100000000)
  region size 1024K, 30 young (30720K), 2 survivors (2048K)
 Metaspace       used 45168K, capacity 46442K, committed 46592K, reserved 1089536K
  class space    used 5914K, capacity 6379K, committed 6400K, reserved 1048576K
}
Event: 11.502 GC heap after
{Heap after GC invocations=23 (full 0):
 garbage-first heap   total 110592K, used 53683K [0x0000000080000000, 0x0000000100000000)
  region size 1024K, 3 young (3072K), 3 survivors (3072K)
 Metaspace       used 45168K, capacity 46442K, committed 46592K, reserved 1089536K
  class space    used 5914K, capacity 6379K, committed 6400K, reserved 1048576K
}
Event: 13.365 GC heap before
{Heap before GC invocations=24 (full 0):
 garbage-first heap   total 110592K, used 83379K [0x0000000080000000, 0x0000000100000000)
  region size 1024K, 32 young (32768K), 3 survivors (3072K)
 Metaspace       used 47783K, capacity 49284K, committed 49536K, reserved 1091584K
  class space    used 6198K, capacity 6742K, committed 6784K, reserved 1048576K
}
Event: 13.391 GC heap after
{Heap after GC invocations=25 (full 0):
 garbage-first heap   total 110592K, used 56119K [0x0000000080000000, 0x0000000100000000)
  region size 1024K, 4 young (4096K), 4 survivors (4096K)
 Metaspace       used 47783K, capacity 49284K, committed 49536K, reserved 1091584K
  class space    used 6198K, capacity 6742K, committed 6784K, reserved 1048576K
}
Event: 13.617 GC heap before
{Heap before GC invocations=25 (full 0):
 garbage-first heap   total 110592K, used 63287K [0x0000000080000000, 0x0000000100000000)
  region size 1024K, 13 young (13312K), 4 survivors (4096K)
 Metaspace       used 48428K, capacity 49892K, committed 50048K, reserved 1093632K
  class space    used 6265K, capacity 6774K, committed 6784K, reserved 1048576K
}
Event: 13.639 GC heap after
{Heap after GC invocations=26 (full 0):
 garbage-first heap   total 110592K, used 58161K [0x0000000080000000, 0x0000000100000000)
  region size 1024K, 4 young (4096K), 4 survivors (4096K)
 Metaspace       used 48428K, capacity 49892K, committed 50048K, reserved 1093632K
  class space    used 6265K, capacity 6774K, committed 6784K, reserved 1048576K
}
Event: 14.217 GC heap before
{Heap before GC invocations=27 (full 0):
 garbage-first heap   total 110592K, used 80689K [0x0000000080000000, 0x0000000100000000)
  region size 1024K, 25 young (25600K), 4 survivors (4096K)
 Metaspace       used 50170K, capacity 51651K, committed 51712K, reserved 1093632K
  class space    used 6375K, capacity 6889K, committed 6912K, reserved 1048576K
}
Event: 14.231 GC heap after
{Heap after GC invocations=28 (full 0):
 garbage-first heap   total 134144K, used 58662K [0x0000000080000000, 0x0000000100000000)
  region size 1024K, 3 young (3072K), 3 survivors (3072K)
 Metaspace       used 50170K, capacity 51651K, committed 51712K, reserved 1093632K
  class space    used 6375K, capacity 6889K, committed 6912K, reserved 1048576K
}
Event: 14.970 GC heap before
{Heap before GC invocations=28 (full 0):
 garbage-first heap   total 134144K, used 89382K [0x0000000080000000, 0x0000000100000000)
  region size 1024K, 33 young (33792K), 3 survivors (3072K)
 Metaspace       used 52178K, capacity 53716K, committed 53888K, reserved 1095680K
  class space    used 6703K, capacity 7239K, committed 7296K, reserved 1048576K
}
Event: 14.983 GC heap after
{Heap after GC invocations=29 (full 0):
 garbage-first heap   total 134144K, used 60219K [0x0000000080000000, 0x0000000100000000)
  region size 1024K, 4 young (4096K), 4 survivors (4096K)
 Metaspace       used 52178K, capacity 53716K, committed 53888K, reserved 1095680K
  class space    used 6703K, capacity 7239K, committed 7296K, reserved 1048576K
}
Event: 16.466 GC heap before
{Heap before GC invocations=29 (full 0):
 garbage-first heap   total 134144K, used 92987K [0x0000000080000000, 0x0000000100000000)
  region size 1024K, 36 young (36864K), 4 survivors (4096K)
 Metaspace       used 54296K, capacity 55948K, committed 56064K, reserved 1097728K
  class space    used 7019K, capacity 7576K, committed 7680K, reserved 1048576K
}
Event: 16.478 GC heap after
{Heap after GC invocations=30 (full 0):
 garbage-first heap   total 134144K, used 61797K [0x0000000080000000, 0x0000000100000000)
  region size 1024K, 4 young (4096K), 4 survivors (4096K)
 Metaspace       used 54296K, capacity 55948K, committed 56064K, reserved 1097728K
  class space    used 7019K, capacity 7576K, committed 7680K, reserved 1048576K
}
Event: 28.666 GC heap before
{Heap before GC invocations=30 (full 0):
 garbage-first heap   total 134144K, used 86373K [0x0000000080000000, 0x0000000100000000)
  region size 1024K, 29 young (29696K), 4 survivors (4096K)
 Metaspace       used 55303K, capacity 57036K, committed 57216K, reserved 1099776K
  class space    used 7103K, capacity 7693K, committed 7808K, reserved 1048576K
}
Event: 28.681 GC heap after
{Heap after GC invocations=31 (full 0):
 garbage-first heap   total 134144K, used 63800K [0x0000000080000000, 0x0000000100000000)
  region size 1024K, 3 young (3072K), 3 survivors (3072K)
 Metaspace       used 55303K, capacity 57036K, committed 57216K, reserved 1099776K
  class space    used 7103K, capacity 7693K, committed 7808K, reserved 1048576K
}
Event: 29.497 GC heap before
{Heap before GC invocations=32 (full 0):
 garbage-first heap   total 134144K, used 104760K [0x0000000080000000, 0x0000000100000000)
  region size 1024K, 37 young (37888K), 3 survivors (3072K)
 Metaspace       used 58068K, capacity 59667K, committed 59776K, reserved 1101824K
  class space    used 7456K, capacity 8011K, committed 8064K, reserved 1048576K
}
Event: 29.531 GC heap after
{Heap after GC invocations=33 (full 0):
 garbage-first heap   total 134144K, used 77598K [0x0000000080000000, 0x0000000100000000)
  region size 1024K, 5 young (5120K), 5 survivors (5120K)
 Metaspace       used 58068K, capacity 59667K, committed 59776K, reserved 1101824K
  class space    used 7456K, capacity 8011K, committed 8064K, reserved 1048576K
}

